<?xml version="1.0" encoding="UTF-8"?>
<!-- Generated by org.testng.reporters.JUnitReportReporter -->
<testsuite hostname="DESKTOP-T4KLA5G" failures="0" tests="1" name="batchExecution.TC_2" time="14.922" errors="0" timestamp="2023-06-21T07:21:51 IST" skipped="0">
  <testcase classname="batchExecution.TC_2" name="ExecuteUserModule" time="14.922"/>
</testsuite> <!-- batchExecution.TC_2 -->
