<?xml version="1.0" encoding="UTF-8"?>
<!-- Generated by org.testng.reporters.JUnitReportReporter -->
<testsuite hostname="DESKTOP-T4KLA5G" failures="0" tests="9" name="TC_repos.sample3" time="0.018" errors="0" timestamp="2023-06-21T06:52:49 IST" skipped="0">
  <testcase classname="TC_repos.sample3" name="usercreated" time="0.009"/>
  <testcase classname="TC_repos.sample3" name="usercreated" time="0.001"/>
  <testcase classname="TC_repos.sample3" name="usercreated" time="0.001"/>
  <testcase classname="TC_repos.sample3" name="usermodified" time="0.001"/>
  <testcase classname="TC_repos.sample3" name="usermodified" time="0.001"/>
  <testcase classname="TC_repos.sample3" name="usermodified" time="0.002"/>
  <testcase classname="TC_repos.sample3" name="usermodified" time="0.001"/>
  <testcase classname="TC_repos.sample3" name="usermodified" time="0.001"/>
  <testcase classname="TC_repos.sample3" name="userdeleted" time="0.001"/>
</testsuite> <!-- TC_repos.sample3 -->
