<?xml version="1.0" encoding="UTF-8"?>
<!-- Generated by org.testng.reporters.JUnitReportReporter -->
<testsuite hostname="DESKTOP-T4KLA5G" failures="0" tests="3" name="TC_repos.sample1" time="0.010" errors="0" timestamp="2023-06-21T06:42:22 IST" skipped="0">
  <testcase classname="TC_repos.sample1" name="usercreated" time="0.007"/>
  <testcase classname="TC_repos.sample1" name="userdelete" time="0.002"/>
  <testcase classname="TC_repos.sample1" name="usermodified" time="0.001"/>
</testsuite> <!-- TC_repos.sample1 -->
