<?xml version="1.0" encoding="UTF-8"?>
<!-- Generated by org.testng.reporters.JUnitReportReporter -->
<testsuite hostname="DESKTOP-T4KLA5G" failures="0" tests="5" name="testNg_Sample_Programs.Sample1" time="0.022" errors="0" timestamp="2023-06-15T15:08:11 IST" skipped="0">
  <testcase classname="testNg_Sample_Programs.Sample1" name="usermodified" time="0.011"/>
  <testcase classname="testNg_Sample_Programs.Sample1" name="usercreated" time="0.003"/>
  <testcase classname="testNg_Sample_Programs.Sample1" name="usercreated" time="0.004"/>
  <testcase classname="testNg_Sample_Programs.Sample1" name="usercreated" time="0.002"/>
  <testcase classname="testNg_Sample_Programs.Sample1" name="userdeleted" time="0.002"/>
</testsuite> <!-- testNg_Sample_Programs.Sample1 -->
