<?xml version="1.0" encoding="UTF-8"?>
<!-- Generated by org.testng.reporters.JUnitReportReporter -->
<testsuite hostname="DESKTOP-T4KLA5G" failures="0" tests="1" name="groupExecution.TCG_1" time="7.912" errors="0" timestamp="2023-06-21T07:28:06 IST" skipped="0">
  <testcase classname="groupExecution.TCG_1" name="ExecuteTastModule" time="7.912"/>
</testsuite> <!-- groupExecution.TCG_1 -->
