<?xml version="1.0" encoding="UTF-8"?>
<!-- Generated by org.testng.reporters.JUnitReportReporter -->
<testsuite hostname="DESKTOP-T4KLA5G" failures="0" tests="1" name="TC_repos.TC_2" time="14.549" errors="0" timestamp="2023-06-21T07:17:11 IST" skipped="0">
  <testcase classname="TC_repos.TC_2" name="ExecuteUserModule" time="14.549"/>
</testsuite> <!-- TC_repos.TC_2 -->
